Using pre-set license
Built from '2020.3/china_unity/release' branch; Version is '2021.3.41f1c1 (abf9ed549ceb) revision 11270637'; Using compiler version '192829333'; Build Type 'Release'
OS: 'Windows 10  (10.0.19044) 64bit Professional' Language: 'zh' Physical Memory: 65375 MB
BatchMode: 1, IsHumanControllingUs: 0, StartBugReporterOnCrash: 0, Is64bit: 1, IsPro: 1

COMMAND LINE ARGUMENTS:
C:\Program Files\Unity\Hub\Editor\2021.3.41f1c1\Editor\Unity.exe
-adb2
-batchMode
-noUpm
-name
AssetImportWorker0
-projectPath
D:/Unity/StepHigh
-logFile
Logs/AssetImportWorker0.log
-srvPort
62853
Successfully changed project path to: D:/Unity/StepHigh
D:/Unity/StepHigh
[UnityMemory] Configuration Parameters - Can be set up in boot.config
    "memorysetup-bucket-allocator-granularity=16"
    "memorysetup-bucket-allocator-bucket-count=8"
    "memorysetup-bucket-allocator-block-size=33554432"
    "memorysetup-bucket-allocator-block-count=8"
    "memorysetup-main-allocator-block-size=16777216"
    "memorysetup-thread-allocator-block-size=16777216"
    "memorysetup-gfx-main-allocator-block-size=16777216"
    "memorysetup-gfx-thread-allocator-block-size=16777216"
    "memorysetup-cache-allocator-block-size=4194304"
    "memorysetup-typetree-allocator-block-size=2097152"
    "memorysetup-profiler-bucket-allocator-granularity=16"
    "memorysetup-profiler-bucket-allocator-bucket-count=8"
    "memorysetup-profiler-bucket-allocator-block-size=33554432"
    "memorysetup-profiler-bucket-allocator-block-count=8"
    "memorysetup-profiler-allocator-block-size=16777216"
    "memorysetup-profiler-editor-allocator-block-size=1048576"
    "memorysetup-temp-allocator-size-main=16777216"
    "memorysetup-job-temp-allocator-block-size=2097152"
    "memorysetup-job-temp-allocator-block-size-background=1048576"
    "memorysetup-job-temp-allocator-reduction-small-platforms=262144"
    "memorysetup-temp-allocator-size-background-worker=32768"
    "memorysetup-temp-allocator-size-job-worker=262144"
    "memorysetup-temp-allocator-size-preload-manager=33554432"
    "memorysetup-temp-allocator-size-nav-mesh-worker=65536"
    "memorysetup-temp-allocator-size-audio-worker=65536"
    "memorysetup-temp-allocator-size-cloud-worker=32768"
    "memorysetup-temp-allocator-size-gi-baking-worker=262144"
    "memorysetup-temp-allocator-size-gfx=262144"
Player connection [18616] Host "[IP] 192.168.31.197 [Port] 0 [Flags] 2 [Guid] 914357429 [EditorId] 914357429 [Version] 1048832 [Id] WindowsEditor(7,DS-202405191929) [Debug] 1 [PackageName] WindowsEditor [ProjectName] Editor" joined multi-casting on [225.0.0.222:54997]...

Player connection [18616] Host "[IP] 192.168.31.197 [Port] 0 [Flags] 2 [Guid] 914357429 [EditorId] 914357429 [Version] 1048832 [Id] WindowsEditor(7,DS-202405191929) [Debug] 1 [PackageName] WindowsEditor [ProjectName] Editor" joined alternative multi-casting on [225.0.0.222:34997]...

AS: AutoStreaming module initializing.
[Physics::Module] Initialized MultithreadedJobDispatcher with {0} workers.
Refreshing native plugins compatible for Editor in 76.44 ms, found 3 plugins.
Preloading 0 native plugins for Editor in 0.00 ms.
Initialize engine version: 2021.3.41f1c1 (abf9ed549ceb)
[Subsystems] Discovering subsystems at path C:/Program Files/Unity/Hub/Editor/2021.3.41f1c1/Editor/Data/Resources/UnitySubsystems
[Subsystems] Discovering subsystems at path D:/Unity/StepHigh/Assets
GfxDevice: creating device client; threaded=0; jobified=0
Direct3D:
    Version:  Direct3D 11.0 [level 11.1]
    Renderer: NVIDIA GeForce RTX 2060 (ID=0x1f08)
    Vendor:   NVIDIA
    VRAM:     5969 MB
    Driver:   31.0.15.4629
Initialize mono
Mono path[0] = 'C:/Program Files/Unity/Hub/Editor/2021.3.41f1c1/Editor/Data/Managed'
Mono path[1] = 'C:/Program Files/Unity/Hub/Editor/2021.3.41f1c1/Editor/Data/MonoBleedingEdge/lib/mono/unityjit-win32'
Mono config path = 'C:/Program Files/Unity/Hub/Editor/2021.3.41f1c1/Editor/Data/MonoBleedingEdge/etc'
Using monoOptions --debugger-agent=transport=dt_socket,embedding=1,server=y,suspend=n,address=127.0.0.1:56376
Begin MonoManager ReloadAssembly
Registering precompiled unity dll's ...
Register platform support module: C:/Program Files/Unity/Hub/Editor/2021.3.41f1c1/Editor/Data/PlaybackEngines/WebGLSupport/UnityEditor.WebGL.Extensions.dll
Register platform support module: C:/Program Files/Unity/Hub/Editor/2021.3.41f1c1/Editor/Data/PlaybackEngines/AndroidPlayer/UnityEditor.Android.Extensions.dll
Register platform support module: C:/Program Files/Unity/Hub/Editor/2021.3.41f1c1/Editor/Data/PlaybackEngines/WindowsStandaloneSupport/UnityEditor.WindowsStandalone.Extensions.dll
Registered in 0.013434 seconds.
Native extension for WindowsStandalone target not found
Native extension for Android target not found
Android SDK Build-tools component is not found. Make sure all tools are installed in the SDK manager.
UnityEngine.StackTraceUtility:ExtractStackTrace ()
UnityEngine.DebugLogHandler:LogFormat (UnityEngine.LogType,UnityEngine.Object,string,object[])
UnityEngine.Logger:Log (UnityEngine.LogType,object)
UnityEngine.Debug:LogError (object)
UnityEditor.Android.AndroidSDKTools:UpdateToolsDirectories ()
UnityEditor.Android.AndroidSDKTools:.ctor (string)
UnityEditor.Android.AndroidSDKTools:CreateAndroidSDKTools (string)
UnityEditor.Android.AndroidSDKTools:GetInstance<UnityEditor.Android.AndroidSDKTools> (UnityEditor.Android.AndroidSDKTools/InstanceCreator)
UnityEditor.Android.AndroidSDKTools:GetInstance ()
UnityEditor.Android.AndroidDeploymentTargetsExtension:GetMainThreadContext (bool)
UnityEditor.Android.TargetExtension:OnUsbDevicesChanged (UnityEditor.Hardware.UsbDevice[])
UnityEditor.Android.TargetExtension:OnLoad ()
UnityEditor.Modules.ModuleManager:InitializePlatformSupportModules ()

An ADB process has shut down when we were accessing it, the following System.ArgumentException has been thrown: The specified path is not of a legal form (empty)..
InvalidOperationException: Cannot start process because a file name has not been provided.
  at System.Diagnostics.Process.Start () [0x00024] in <a3c32f2a832547c1bce7833b919abc42>:0 
  at (wrapper remoting-invoke-with-check) System.Diagnostics.Process.Start()
  at UnityEditor.Android.ProgramAsShellExecute.Start (System.Diagnostics.ProcessStartInfo psi) [0x0000e] in <ab639f04fe68482e8095b4649da26631>:0 
  at UnityEditor.Android.Command.RunWithShellExecute (System.String command, System.String args, System.String workingdir, System.String errorMsg) [0x0003e] in <ab639f04fe68482e8095b4649da26631>:0 
  at UnityEditor.Android.ADB.StartServer () [0x00013] in <ab639f04fe68482e8095b4649da26631>:0 
  at UnityEditor.Android.ADB.Run (System.String[] command, UnityEditor.Android.Command+WaitingForProcessToExit waitingForProcessToExit, System.String errorMsg) [0x0000b] in <ab639f04fe68482e8095b4649da26631>:0 
  at UnityEditor.Android.AndroidDeploymentTargetsExtension.GetKnownTargets (UnityEditor.DeploymentTargets.IDeploymentTargetsMainThreadContext context, UnityEditor.ProgressHandler progressHandler) [0x002ae] in <ab639f04fe68482e8095b4649da26631>:0 
  at UnityEditor.Android.TargetScanWorker.ScanSync () [0x00039] in <ab639f04fe68482e8095b4649da26631>:0 
  at UnityEditor.Android.TargetExtension.OnUsbDevicesChanged (UnityEditor.Hardware.UsbDevice[] usbDevices) [0x00081] in <ab639f04fe68482e8095b4649da26631>:0 
  at UnityEditor.Android.TargetExtension.OnLoad () [0x0008d] in <ab639f04fe68482e8095b4649da26631>:0 
  at UnityEditor.Modules.ModuleManager.InitializePlatformSupportModules () [0x0009d] in <814ad583114542d98f219069942d9500>:0 

Refreshing native plugins compatible for Editor in 78.56 ms, found 3 plugins.
Preloading 0 native plugins for Editor in 0.00 ms.
Mono: successfully reloaded assembly
- Completed reload, in  1.000 seconds
Domain Reload Profiling:
	ReloadAssembly (1000ms)
		BeginReloadAssembly (137ms)
			ExecutionOrderSort (0ms)
			DisableScriptedObjects (0ms)
			BackupInstance (0ms)
			ReleaseScriptingObjects (0ms)
			CreateAndSetChildDomain (1ms)
		EndReloadAssembly (712ms)
			LoadAssemblies (132ms)
			RebuildTransferFunctionScriptingTraits (0ms)
			SetupTypeCache (161ms)
			ReleaseScriptCaches (0ms)
			RebuildScriptCaches (47ms)
			SetupLoadedEditorAssemblies (442ms)
				LogAssemblyErrors (0ms)
				InitializePlatformSupportModulesInManaged (175ms)
				SetLoadedEditorAssemblies (0ms)
				RefreshPlugins (79ms)
				BeforeProcessingInitializeOnLoad (2ms)
				ProcessInitializeOnLoadAttributes (128ms)
				ProcessInitializeOnLoadMethodAttributes (58ms)
				AfterProcessingInitializeOnLoad (0ms)
				EditorAssembliesLoaded (0ms)
			ExecutionOrderSort2 (0ms)
			AwakeInstancesAfterBackupRestoration (0ms)
Native extension for WindowsStandalone target not found
Native extension for Android target not found
Native extension for WebGL target not found
Registering precompiled user dll's ...
Registered in 0.010200 seconds.
Begin MonoManager ReloadAssembly
Native extension for WindowsStandalone target not found
Native extension for Android target not found
Native extension for WebGL target not found
Refreshing native plugins compatible for Editor in 0.89 ms, found 3 plugins.
Preloading 0 native plugins for Editor in 0.00 ms.
Package Manager log level set to [2]
[Package Manager] Server::EnsureServerProcessIsRunning -- launch failed, reason: Unity was launched with the -noUpm command-line argument
[Package Manager] Cannot connect to Unity Package Manager local server
Mono: successfully reloaded assembly
- Completed reload, in  1.879 seconds
Domain Reload Profiling:
	ReloadAssembly (1880ms)
		BeginReloadAssembly (185ms)
			ExecutionOrderSort (0ms)
			DisableScriptedObjects (8ms)
			BackupInstance (0ms)
			ReleaseScriptingObjects (0ms)
			CreateAndSetChildDomain (28ms)
		EndReloadAssembly (1529ms)
			LoadAssemblies (136ms)
			RebuildTransferFunctionScriptingTraits (0ms)
			SetupTypeCache (410ms)
			ReleaseScriptCaches (1ms)
			RebuildScriptCaches (71ms)
			SetupLoadedEditorAssemblies (889ms)
				LogAssemblyErrors (0ms)
				InitializePlatformSupportModulesInManaged (32ms)
				SetLoadedEditorAssemblies (1ms)
				RefreshPlugins (1ms)
				BeforeProcessingInitializeOnLoad (88ms)
				ProcessInitializeOnLoadAttributes (694ms)
				ProcessInitializeOnLoadMethodAttributes (56ms)
				AfterProcessingInitializeOnLoad (18ms)
				EditorAssembliesLoaded (0ms)
			ExecutionOrderSort2 (0ms)
			AwakeInstancesAfterBackupRestoration (7ms)
Platform modules already initialized, skipping
========================================================================
Worker process is ready to serve import requests
Launched and connected shader compiler UnityShaderCompiler.exe after 0.05 seconds
Refreshing native plugins compatible for Editor in 0.78 ms, found 3 plugins.
Preloading 0 native plugins for Editor in 0.00 ms.
Unloading 3159 Unused Serialized files (Serialized files now loaded: 0)
Unloading 30 unused Assets / (46.8 KB). Loaded Objects now: 3642.
Memory consumption went from 120.1 MB to 120.1 MB.
Total: 4.014100 ms (FindLiveObjects: 0.365800 ms CreateObjectMapping: 0.196100 ms MarkObjects: 3.361800 ms  DeleteObjects: 0.089200 ms)

AssetImportParameters requested are different than current active one (requested -> active):
  custom:video-decoder-ogg-theora: a1e56fd34408186e4bbccfd4996cb3dc -> 
  custom:container-muxer-webm: aa71ff27fc2769a1b78a27578f13a17b -> 
  custom:container-demuxer-webm: 4f35f7cbe854078d1ac9338744f61a02 -> 
  custom:video-encoder-webm-vp8: eb34c28f22e8b96e1ab97ce403110664 -> 
  custom:CustomObjectIndexerAttribute: bc11b3a6c3213fcdd17b65e7da85e133 -> 
  custom:audio-encoder-webm-vorbis: bf7c407c2cedff20999df2af8eb42d56 -> 
  custom:framework-win-MediaFoundation: 216162199b28c13a410421893ffa2e32 -> 
  custom:SearchIndexIgnoredProperties: e643bd26f0fe6173181afceb89e7c659 -> 
  custom:container-demuxer-ogg: 62fdf1f143b41e24485cea50d1cbac27 -> 
  custom:video-decoder-webm-vp8: 9c59270c3fd7afecdb556c50c9e8de78 -> 
  custom:audio-decoder-ogg-vorbis: bf7c407c2cedff20999df2af8eb42d56 -> 
========================================================================
Received Import Request.
  Time since last request: 9275.902455 seconds.
  path: Assets/MIAOZIDONGMANTI-REGULAR SDF.asset
  artifactKey: Guid(2365bf80e0856da4084848c6a818e8da) Importer(815301076,1909f56bfc062723c751e8b465ee728b)
Number of updated assets reloaded before import = 0
Start importing Assets/MIAOZIDONGMANTI-REGULAR SDF.asset using Guid(2365bf80e0856da4084848c6a818e8da) Importer(815301076,1909f56bfc062723c751e8b465ee728b)  -> (artifact id: 'db703e96f7a76bdac66105b609a17c52') in 0.267066 seconds 
Number of asset objects unloaded after import = 6
========================================================================
Received Import Request.
  Time since last request: 112.066640 seconds.
  path: Assets/Images/cebianlan.png
  artifactKey: Guid(2e336e6c84ea1bd46ba6a5f1903030bb) Importer(815301076,1909f56bfc062723c751e8b465ee728b)
Number of updated assets reloaded before import = 0
Start importing Assets/Images/cebianlan.png using Guid(2e336e6c84ea1bd46ba6a5f1903030bb) Importer(815301076,1909f56bfc062723c751e8b465ee728b)  -> (artifact id: '8bd4fe124accb59b86cfbee87d17a168') in 0.031873 seconds 
Number of asset objects unloaded after import = 2
========================================================================
Received Import Request.
  Time since last request: 46.890011 seconds.
  path: Assets/Tennis Mobile/Scripts
  artifactKey: Guid(9ba391c8dcbc4ee4eb5b11c5f976d90d) Importer(815301076,1909f56bfc062723c751e8b465ee728b)
Number of updated assets reloaded before import = 0
Start importing Assets/Tennis Mobile/Scripts using Guid(9ba391c8dcbc4ee4eb5b11c5f976d90d) Importer(815301076,1909f56bfc062723c751e8b465ee728b)  -> (artifact id: '13c7b4a3b5b26f738fa62e6de35ffe4c') in 0.001448 seconds 
Number of asset objects unloaded after import = 0
========================================================================
Received Import Request.
  Time since last request: 9.156244 seconds.
  path: Assets/Tennis Mobile/Scripts/CebianlanManager.cs
  artifactKey: Guid(17ff74cb7e4c9df48a883157b0f454ec) Importer(815301076,1909f56bfc062723c751e8b465ee728b)
Number of updated assets reloaded before import = 0
Start importing Assets/Tennis Mobile/Scripts/CebianlanManager.cs using Guid(17ff74cb7e4c9df48a883157b0f454ec) Importer(815301076,1909f56bfc062723c751e8b465ee728b)  -> (artifact id: 'dfa1e510be708485e58d0c0b95a272d2') in 0.005663 seconds 
Number of asset objects unloaded after import = 0
========================================================================
Received Prepare
Registering precompiled user dll's ...
Registered in 0.011102 seconds.
Begin MonoManager ReloadAssembly
Native extension for WindowsStandalone target not found
Native extension for Android target not found
Native extension for WebGL target not found
Refreshing native plugins compatible for Editor in 0.81 ms, found 3 plugins.
Preloading 0 native plugins for Editor in 0.00 ms.
[Package Manager] Server::EnsureServerProcessIsRunning -- launch failed, reason: Unity was launched with the -noUpm command-line argument
[Package Manager] Cannot connect to Unity Package Manager local server
Mono: successfully reloaded assembly
- Completed reload, in  1.826 seconds
Domain Reload Profiling:
	ReloadAssembly (1826ms)
		BeginReloadAssembly (220ms)
			ExecutionOrderSort (0ms)
			DisableScriptedObjects (6ms)
			BackupInstance (0ms)
			ReleaseScriptingObjects (0ms)
			CreateAndSetChildDomain (52ms)
		EndReloadAssembly (1466ms)
			LoadAssemblies (136ms)
			RebuildTransferFunctionScriptingTraits (0ms)
			SetupTypeCache (434ms)
			ReleaseScriptCaches (2ms)
			RebuildScriptCaches (52ms)
			SetupLoadedEditorAssemblies (826ms)
				LogAssemblyErrors (0ms)
				InitializePlatformSupportModulesInManaged (32ms)
				SetLoadedEditorAssemblies (1ms)
				RefreshPlugins (1ms)
				BeforeProcessingInitializeOnLoad (73ms)
				ProcessInitializeOnLoadAttributes (642ms)
				ProcessInitializeOnLoadMethodAttributes (61ms)
				AfterProcessingInitializeOnLoad (16ms)
				EditorAssembliesLoaded (0ms)
			ExecutionOrderSort2 (0ms)
			AwakeInstancesAfterBackupRestoration (7ms)
Platform modules already initialized, skipping
Refreshing native plugins compatible for Editor in 0.69 ms, found 3 plugins.
Preloading 0 native plugins for Editor in 0.00 ms.
Unloading 3139 Unused Serialized files (Serialized files now loaded: 0)
Unloading 25 unused Assets / (21.9 KB). Loaded Objects now: 3689.
Memory consumption went from 118.7 MB to 118.7 MB.
Total: 3.734600 ms (FindLiveObjects: 0.341400 ms CreateObjectMapping: 0.175600 ms MarkObjects: 3.194000 ms  DeleteObjects: 0.022500 ms)

AssetImportParameters requested are different than current active one (requested -> active):
  custom:video-decoder-ogg-theora: a1e56fd34408186e4bbccfd4996cb3dc -> 
  custom:container-muxer-webm: aa71ff27fc2769a1b78a27578f13a17b -> 
  custom:container-demuxer-webm: 4f35f7cbe854078d1ac9338744f61a02 -> 
  custom:video-encoder-webm-vp8: eb34c28f22e8b96e1ab97ce403110664 -> 
  custom:CustomObjectIndexerAttribute: bc11b3a6c3213fcdd17b65e7da85e133 -> 
  custom:audio-encoder-webm-vorbis: bf7c407c2cedff20999df2af8eb42d56 -> 
  custom:framework-win-MediaFoundation: 216162199b28c13a410421893ffa2e32 -> 
  custom:SearchIndexIgnoredProperties: e643bd26f0fe6173181afceb89e7c659 -> 
  custom:container-demuxer-ogg: 62fdf1f143b41e24485cea50d1cbac27 -> 
  custom:video-decoder-webm-vp8: 9c59270c3fd7afecdb556c50c9e8de78 -> 
  custom:audio-decoder-ogg-vorbis: bf7c407c2cedff20999df2af8eb42d56 -> 
========================================================================
Received Import Request.
  Time since last request: 25.009603 seconds.
  path: Assets/Tennis Mobile/Scenes/Game scene.unity
  artifactKey: Guid(b8ce6bd324a432c43a8238329791d0e4) Importer(815301076,1909f56bfc062723c751e8b465ee728b)
Number of updated assets reloaded before import = 0
Start importing Assets/Tennis Mobile/Scenes/Game scene.unity using Guid(b8ce6bd324a432c43a8238329791d0e4) Importer(815301076,1909f56bfc062723c751e8b465ee728b)  -> (artifact id: 'f78c598246d7a3afe87403c2be001787') in 0.009787 seconds 
Number of asset objects unloaded after import = 0
========================================================================
Received Import Request.
  Time since last request: 0.036359 seconds.
  path: Assets/Tennis Mobile/Scenes/Player shop.unity
  artifactKey: Guid(9cdeaed6c5387c64382850f8240e4fac) Importer(815301076,1909f56bfc062723c751e8b465ee728b)
Number of updated assets reloaded before import = 0
Start importing Assets/Tennis Mobile/Scenes/Player shop.unity using Guid(9cdeaed6c5387c64382850f8240e4fac) Importer(815301076,1909f56bfc062723c751e8b465ee728b)  -> (artifact id: 'a392bb3796931ff7873eb54a84cf31e1') in 0.001415 seconds 
Number of asset objects unloaded after import = 0
========================================================================
Received Import Request.
  Time since last request: 32.116130 seconds.
  path: Assets/MIAOZIDONGMANTI-REGULAR SDF.asset
  artifactKey: Guid(2365bf80e0856da4084848c6a818e8da) Importer(815301076,1909f56bfc062723c751e8b465ee728b)
Number of updated assets reloaded before import = 0
Start importing Assets/MIAOZIDONGMANTI-REGULAR SDF.asset using Guid(2365bf80e0856da4084848c6a818e8da) Importer(815301076,1909f56bfc062723c751e8b465ee728b)  -> (artifact id: '37e7e078ab383c2bde472b22313d2eb5') in 0.189344 seconds 
Number of asset objects unloaded after import = 6
========================================================================
Received Import Request.
  Time since last request: 39.517926 seconds.
  path: Assets/Tennis Mobile/UI/Arrow.png
  artifactKey: Guid(040efa0dae9b0c148a72432386459fb3) Importer(815301076,1909f56bfc062723c751e8b465ee728b)
Number of updated assets reloaded before import = 0
Start importing Assets/Tennis Mobile/UI/Arrow.png using Guid(040efa0dae9b0c148a72432386459fb3) Importer(815301076,1909f56bfc062723c751e8b465ee728b)  -> (artifact id: 'b37d74f876eda29e01ebdfbada0d3d83') in 0.061323 seconds 
Number of asset objects unloaded after import = 3
========================================================================
Received Import Request.
  Time since last request: 0.000019 seconds.
  path: Assets/Tennis Mobile/UI/Background 1.png
  artifactKey: Guid(c1b4518ed34f617428b07ad766b5dc59) Importer(815301076,1909f56bfc062723c751e8b465ee728b)
Number of updated assets reloaded before import = 0
Start importing Assets/Tennis Mobile/UI/Background 1.png using Guid(c1b4518ed34f617428b07ad766b5dc59) Importer(815301076,1909f56bfc062723c751e8b465ee728b)  -> (artifact id: '68a584eb17b399929f17e8823496dce0') in 0.058941 seconds 
Number of asset objects unloaded after import = 3
========================================================================
Received Import Request.
  Time since last request: 0.000029 seconds.
  path: Assets/Tennis Mobile/UI/button.png
  artifactKey: Guid(35620340c4a03484f940d751695635d6) Importer(815301076,1909f56bfc062723c751e8b465ee728b)
Number of updated assets reloaded before import = 0
Start importing Assets/Tennis Mobile/UI/button.png using Guid(35620340c4a03484f940d751695635d6) Importer(815301076,1909f56bfc062723c751e8b465ee728b)  -> (artifact id: '68111e32a730eb15895e4747e272a7fe') in 0.034278 seconds 
Number of asset objects unloaded after import = 3
========================================================================
Received Import Request.
  Time since last request: 0.000020 seconds.
  path: Assets/Tennis Mobile/UI/background.png
  artifactKey: Guid(85a75492eb8900e4fa3a740699fa5a5b) Importer(815301076,1909f56bfc062723c751e8b465ee728b)
Number of updated assets reloaded before import = 0
Start importing Assets/Tennis Mobile/UI/background.png using Guid(85a75492eb8900e4fa3a740699fa5a5b) Importer(815301076,1909f56bfc062723c751e8b465ee728b)  -> (artifact id: '11073b1b76678e4032dc81684b82fdb5') in 0.182834 seconds 
Number of asset objects unloaded after import = 3
========================================================================
Received Import Request.
  Time since last request: 0.018111 seconds.
  path: Assets/Tennis Mobile/UI/Character icon.png
  artifactKey: Guid(8dbe1754c085b7b42b3efa6eb5b96347) Importer(815301076,1909f56bfc062723c751e8b465ee728b)
Number of updated assets reloaded before import = 0
Start importing Assets/Tennis Mobile/UI/Character icon.png using Guid(8dbe1754c085b7b42b3efa6eb5b96347) Importer(815301076,1909f56bfc062723c751e8b465ee728b)  -> (artifact id: '7bd140098cf9847082336a163834ba6b') in 0.016030 seconds 
Number of asset objects unloaded after import = 3
========================================================================
Received Import Request.
  Time since last request: 0.000017 seconds.
  path: Assets/Tennis Mobile/UI/circle 1.png
  artifactKey: Guid(942b2d1aefb0cda4099eee3fc80f0ed9) Importer(815301076,1909f56bfc062723c751e8b465ee728b)
Number of updated assets reloaded before import = 0
Start importing Assets/Tennis Mobile/UI/circle 1.png using Guid(942b2d1aefb0cda4099eee3fc80f0ed9) Importer(815301076,1909f56bfc062723c751e8b465ee728b)  -> (artifact id: '3db6aada2776e0ed726903a202d507ad') in 0.082600 seconds 
Number of asset objects unloaded after import = 3
========================================================================
Received Import Request.
  Time since last request: 0.000018 seconds.
  path: Assets/Tennis Mobile/UI/Dots.png
  artifactKey: Guid(ea8035902b7c2fb4ba2980a21b5f2d33) Importer(815301076,1909f56bfc062723c751e8b465ee728b)
Number of updated assets reloaded before import = 0
Start importing Assets/Tennis Mobile/UI/Dots.png using Guid(ea8035902b7c2fb4ba2980a21b5f2d33) Importer(815301076,1909f56bfc062723c751e8b465ee728b)  -> (artifact id: '75782984b1894a111e221bfa280b3378') in 0.098331 seconds 
Number of asset objects unloaded after import = 3
========================================================================
Received Import Request.
  Time since last request: 0.025148 seconds.
  path: Assets/Tennis Mobile/UI/gradient.jpg
  artifactKey: Guid(75cdb3b78fa3d1844a89314760afdbc1) Importer(815301076,1909f56bfc062723c751e8b465ee728b)
Number of updated assets reloaded before import = 0
Start importing Assets/Tennis Mobile/UI/gradient.jpg using Guid(75cdb3b78fa3d1844a89314760afdbc1) Importer(815301076,1909f56bfc062723c751e8b465ee728b)  -> (artifact id: 'c4b08882a373511666c01a7c803e4db4') in 0.037928 seconds 
Number of asset objects unloaded after import = 3
========================================================================
Received Import Request.
  Time since last request: 0.000017 seconds.
  path: Assets/Tennis Mobile/UI/home.png
  artifactKey: Guid(fb21ebab39505184a9fa7db9c16d3b7d) Importer(815301076,1909f56bfc062723c751e8b465ee728b)
Number of updated assets reloaded before import = 0
Start importing Assets/Tennis Mobile/UI/home.png using Guid(fb21ebab39505184a9fa7db9c16d3b7d) Importer(815301076,1909f56bfc062723c751e8b465ee728b)  -> (artifact id: '2b3244d77e4c919fe230e7f9a5e143d9') in 0.013233 seconds 
Number of asset objects unloaded after import = 3
========================================================================
Received Import Request.
  Time since last request: 0.022849 seconds.
  path: Assets/Tennis Mobile/UI/music button.png
  artifactKey: Guid(54724907406af5e4aa5e28285372d60e) Importer(815301076,1909f56bfc062723c751e8b465ee728b)
Number of updated assets reloaded before import = 0
Start importing Assets/Tennis Mobile/UI/music button.png using Guid(54724907406af5e4aa5e28285372d60e) Importer(815301076,1909f56bfc062723c751e8b465ee728b)  -> (artifact id: '1c76d321063222bb3c922da146a332c0') in 0.008814 seconds 
Number of asset objects unloaded after import = 3
========================================================================
Received Import Request.
  Time since last request: 0.000016 seconds.
  path: Assets/Tennis Mobile/UI/music disabled button.png
  artifactKey: Guid(e5b38855820bebe448e3133335cd89fa) Importer(815301076,1909f56bfc062723c751e8b465ee728b)
Number of updated assets reloaded before import = 0
Start importing Assets/Tennis Mobile/UI/music disabled button.png using Guid(e5b38855820bebe448e3133335cd89fa) Importer(815301076,1909f56bfc062723c751e8b465ee728b)  -> (artifact id: 'f3c84d21e7a0a2e91e52d1202eb61632') in 0.009202 seconds 
Number of asset objects unloaded after import = 3
========================================================================
Received Import Request.
  Time since last request: 0.109479 seconds.
  path: Assets/Tennis Mobile/UI/pause button.png
  artifactKey: Guid(653d8af319e901f4e87da1c21764922c) Importer(815301076,1909f56bfc062723c751e8b465ee728b)
Number of updated assets reloaded before import = 0
Start importing Assets/Tennis Mobile/UI/pause button.png using Guid(653d8af319e901f4e87da1c21764922c) Importer(815301076,1909f56bfc062723c751e8b465ee728b)  -> (artifact id: 'de3bf6f204a2fa7f890c0d6cc878698a') in 0.014722 seconds 
Number of asset objects unloaded after import = 3
========================================================================
Received Import Request.
  Time since last request: 0.029198 seconds.
  path: Assets/Tennis Mobile/UI/Power bar smaller.png
  artifactKey: Guid(7c762ea99e584054bb249c84f268e3a5) Importer(815301076,1909f56bfc062723c751e8b465ee728b)
Number of updated assets reloaded before import = 0
Start importing Assets/Tennis Mobile/UI/Power bar smaller.png using Guid(7c762ea99e584054bb249c84f268e3a5) Importer(815301076,1909f56bfc062723c751e8b465ee728b)  -> (artifact id: 'a6768446da96e994df230f1ac07bcdec') in 0.037189 seconds 
Number of asset objects unloaded after import = 3
========================================================================
Received Import Request.
  Time since last request: 0.127026 seconds.
  path: Assets/Tennis Mobile/UI/square.png
  artifactKey: Guid(5f9289aee4a1ce540bd69fd15b5bf368) Importer(815301076,1909f56bfc062723c751e8b465ee728b)
Number of updated assets reloaded before import = 0
Start importing Assets/Tennis Mobile/UI/square.png using Guid(5f9289aee4a1ce540bd69fd15b5bf368) Importer(815301076,1909f56bfc062723c751e8b465ee728b)  -> (artifact id: '24e5fa4c2e5948e3a58e38b065c53fff') in 0.014476 seconds 
Number of asset objects unloaded after import = 3
========================================================================
Received Import Request.
  Time since last request: 0.029410 seconds.
  path: Assets/Tennis Mobile/UI/Trophy.png
  artifactKey: Guid(44ed140f1c0490a49b30a1df7ab17446) Importer(815301076,1909f56bfc062723c751e8b465ee728b)
Number of updated assets reloaded before import = 0
Start importing Assets/Tennis Mobile/UI/Trophy.png using Guid(44ed140f1c0490a49b30a1df7ab17446) Importer(815301076,1909f56bfc062723c751e8b465ee728b)  -> (artifact id: 'cc18c6fe6b2a816abfb8cd2e0adaecfc') in 0.022182 seconds 
Number of asset objects unloaded after import = 3
========================================================================
Received Import Request.
  Time since last request: 0.000017 seconds.
  path: Assets/Tennis Mobile/UI/vignette effect.png
  artifactKey: Guid(e7c3066b8603c1242b453ef2bcc3a38a) Importer(815301076,1909f56bfc062723c751e8b465ee728b)
Number of updated assets reloaded before import = 0
Start importing Assets/Tennis Mobile/UI/vignette effect.png using Guid(e7c3066b8603c1242b453ef2bcc3a38a) Importer(815301076,1909f56bfc062723c751e8b465ee728b)  -> (artifact id: 'd86944ec61d370de5e65f90484736e14') in 0.169500 seconds 
Number of asset objects unloaded after import = 3
========================================================================
Received Import Request.
  Time since last request: 0.026823 seconds.
  path: Assets/Tennis Mobile/UI/vignette effect white.png
  artifactKey: Guid(70722c23b9016094c9a3af7039038abb) Importer(815301076,1909f56bfc062723c751e8b465ee728b)
Number of updated assets reloaded before import = 0
Start importing Assets/Tennis Mobile/UI/vignette effect white.png using Guid(70722c23b9016094c9a3af7039038abb) Importer(815301076,1909f56bfc062723c751e8b465ee728b)  -> (artifact id: 'b15a1e274099965dea9bd985e18839fc') in 0.046831 seconds 
Number of asset objects unloaded after import = 3
Editor requested this worker to shutdown with reason: Scaling down because of idle timeout
AssetImportWorker is now disconnected from the server
Process exiting
Exiting without the bug reporter. Application will terminate with return code 0